2018-06-29 16:17:04,727 INFO o.a.j.u.JMeterUtils: Setting Locale to en_EN
2018-06-29 16:17:04,774 INFO o.a.j.JMeter: Loading user properties from: /opt/apache-jmeter-4.0/bin/user.properties
2018-06-29 16:17:04,775 INFO o.a.j.JMeter: Loading system properties from: /opt/apache-jmeter-4.0/bin/system.properties
2018-06-29 16:17:04,787 INFO o.a.j.JMeter: Copyright (c) 1998-2018 The Apache Software Foundation
2018-06-29 16:17:04,787 INFO o.a.j.JMeter: Version 4.0 r1823414
2018-06-29 16:17:04,787 INFO o.a.j.JMeter: java.version=10.0.1
2018-06-29 16:17:04,787 INFO o.a.j.JMeter: java.vm.name=Java HotSpot(TM) 64-Bit Server VM
2018-06-29 16:17:04,788 INFO o.a.j.JMeter: os.name=Linux
2018-06-29 16:17:04,788 INFO o.a.j.JMeter: os.arch=amd64
2018-06-29 16:17:04,788 INFO o.a.j.JMeter: os.version=4.4.0-128-generic
2018-06-29 16:17:04,788 INFO o.a.j.JMeter: file.encoding=UTF-8
2018-06-29 16:17:04,788 INFO o.a.j.JMeter: Max memory     =1073741824
2018-06-29 16:17:04,789 INFO o.a.j.JMeter: Available Processors =4
2018-06-29 16:17:04,806 INFO o.a.j.JMeter: Default Locale=English (EN)
2018-06-29 16:17:04,806 INFO o.a.j.JMeter: JMeter  Locale=English (EN)
2018-06-29 16:17:04,806 INFO o.a.j.JMeter: JMeterHome=/opt/apache-jmeter-4.0
2018-06-29 16:17:04,806 INFO o.a.j.JMeter: user.dir  =/home/pnakano/dev/reactive-vs-synchronous
2018-06-29 16:17:04,807 INFO o.a.j.JMeter: PWD       =/home/pnakano/dev/reactive-vs-synchronous
2018-06-29 16:17:04,807 INFO o.a.j.JMeter: IP: 127.0.1.1 Name: ni-16962-9 FullName: ni-16962-9
2018-06-29 16:17:05,900 INFO o.a.j.g.a.LookAndFeelCommand: Installing Darcula LAF
2018-06-29 16:17:05,951 INFO o.a.j.g.a.LookAndFeelCommand: Using look and feel: com.bulenkov.darcula.DarculaLaf [Darcula]
2018-06-29 16:17:05,951 INFO o.a.j.JMeter: Setting LAF to: com.bulenkov.darcula.DarculaLaf
2018-06-29 16:17:06,151 INFO o.a.j.JMeter: Loaded icon properties from org/apache/jmeter/images/icon.properties
2018-06-29 16:17:06,878 INFO o.a.j.e.u.CompoundVariable: Note: Function class names must contain the string: '.functions.'
2018-06-29 16:17:06,878 INFO o.a.j.e.u.CompoundVariable: Note: Function class names must not contain the string: '.gui.'
2018-06-29 16:17:10,660 INFO o.a.j.p.h.s.HTTPSamplerBase: Parser for text/html is org.apache.jmeter.protocol.http.parser.LagartoBasedHtmlParser
2018-06-29 16:17:10,661 INFO o.a.j.p.h.s.HTTPSamplerBase: Parser for application/xhtml+xml is org.apache.jmeter.protocol.http.parser.LagartoBasedHtmlParser
2018-06-29 16:17:10,662 INFO o.a.j.p.h.s.HTTPSamplerBase: Parser for application/xml is org.apache.jmeter.protocol.http.parser.LagartoBasedHtmlParser
2018-06-29 16:17:10,662 INFO o.a.j.p.h.s.HTTPSamplerBase: Parser for text/xml is org.apache.jmeter.protocol.http.parser.LagartoBasedHtmlParser
2018-06-29 16:17:10,663 INFO o.a.j.p.h.s.HTTPSamplerBase: Parser for text/vnd.wap.wml is org.apache.jmeter.protocol.http.parser.RegexpHTMLParser
2018-06-29 16:17:10,663 INFO o.a.j.p.h.s.HTTPSamplerBase: Parser for text/css is org.apache.jmeter.protocol.http.parser.CssParser
2018-06-29 16:17:11,377 INFO o.a.j.e.KeyToolUtils: keytool found at 'keytool'
2018-06-29 16:17:11,377 INFO o.a.j.p.h.p.ProxyControl: HTTP(S) Test Script Recorder SSL Proxy will use keys that support embedded 3rd party resources in file /opt/apache-jmeter-4.0/bin/proxyserver.jks
2018-06-29 16:17:11,604 INFO o.a.j.s.FileServer: Default base='/home/pnakano/dev/reactive-vs-synchronous'
2018-06-29 16:17:12,422 INFO o.a.j.s.SampleResult: Note: Sample TimeStamps are START times
2018-06-29 16:17:12,422 INFO o.a.j.s.SampleResult: sampleresult.default.encoding is set to ISO-8859-1
2018-06-29 16:17:12,422 INFO o.a.j.s.SampleResult: sampleresult.useNanoTime=true
2018-06-29 16:17:12,423 INFO o.a.j.s.SampleResult: sampleresult.nanoThreadSleep=5000
2018-06-29 16:17:16,380 INFO o.a.j.g.a.Load: Loading file: /home/pnakano/dev/reactive-vs-synchronous/jmeter/test.jmx
2018-06-29 16:17:16,380 INFO o.a.j.s.FileServer: Set new base='/home/pnakano/dev/reactive-vs-synchronous/jmeter'
2018-06-29 16:17:16,674 INFO o.a.j.s.SaveService: Testplan (JMX) version: 2.2. Testlog (JTL) version: 2.2
2018-06-29 16:17:16,719 INFO o.a.j.s.SaveService: Using SaveService properties version 4.0
2018-06-29 16:17:16,723 INFO o.a.j.s.SaveService: Using SaveService properties file encoding UTF-8
2018-06-29 16:17:16,725 INFO o.a.j.s.SaveService: Loading file: /home/pnakano/dev/reactive-vs-synchronous/jmeter/test.jmx
2018-06-29 16:17:17,044 INFO o.a.j.s.FileServer: Set new base='/home/pnakano/dev/reactive-vs-synchronous/jmeter'
2018-06-29 16:18:04,211 ERROR o.a.j.g.a.Save: Could not backup file! Backup directory does not exist, is not a directory or could not be created ! </opt/apache-jmeter-4.0/backups>
